[2025-06-04 13:20:41,238: INFO: main: welcome to my custom log.]
[2025-06-04 16:00:13,187: INFO: common: yaml file: config/config.yaml loaded successfully]
[2025-06-04 16:00:13,531: INFO: common: yaml file: params.yaml loaded successfully]
[2025-06-04 16:00:28,282: INFO: common: yaml file: config/config.yaml loaded successfully]
[2025-06-04 16:00:28,285: INFO: common: yaml file: params.yaml loaded successfully]
[2025-06-04 16:01:43,867: INFO: common: yaml file: config/config.yaml loaded successfully]
[2025-06-04 16:01:43,872: INFO: common: yaml file: params.yaml loaded successfully]
[2025-06-04 16:07:34,661: INFO: common: yaml file: config/config.yaml loaded successfully]
[2025-06-04 16:07:34,665: INFO: common: yaml file: params.yaml loaded successfully]
[2025-06-04 16:09:50,183: INFO: common: yaml file: config/config.yaml loaded successfully]
[2025-06-04 16:09:50,186: INFO: common: yaml file: params.yaml loaded successfully]
[2025-06-04 16:14:25,724: INFO: common: yaml file: config/config.yaml loaded successfully]
[2025-06-04 16:14:25,726: INFO: common: yaml file: params.yaml loaded successfully]
[2025-06-04 16:15:11,522: INFO: common: yaml file: config/config.yaml loaded successfully]
[2025-06-04 16:15:11,527: INFO: common: yaml file: params.yaml loaded successfully]
[2025-06-04 16:16:06,896: INFO: common: yaml file: config/config.yaml loaded successfully]
[2025-06-04 16:16:06,899: INFO: common: yaml file: params.yaml loaded successfully]
[2025-06-04 16:17:17,227: INFO: common: yaml file: config/config.yaml loaded successfully]
[2025-06-04 16:17:17,233: INFO: common: yaml file: params.yaml loaded successfully]
[2025-06-04 16:24:04,821: INFO: common: yaml file: config/config.yaml loaded successfully]
[2025-06-04 16:24:04,824: INFO: common: yaml file: params.yaml loaded successfully]
[2025-06-04 16:27:02,691: INFO: common: yaml file: /home/sdp/python/chicken_disease_classification/config/config.yaml loaded successfully]
[2025-06-04 16:27:02,695: INFO: common: yaml file: params.yaml loaded successfully]
[2025-06-04 16:39:48,229: INFO: common: yaml file: config/config.yaml loaded successfully]
[2025-06-04 16:39:48,232: INFO: common: yaml file: params.yaml loaded successfully]
[2025-06-04 16:42:32,034: INFO: common: yaml file: config/config.yaml loaded successfully]
[2025-06-04 16:42:32,037: INFO: common: yaml file: params.yaml loaded successfully]
[2025-06-04 16:42:37,370: INFO: common: yaml file: config/config.yaml loaded successfully]
[2025-06-04 16:42:37,374: INFO: common: yaml file: params.yaml loaded successfully]
[2025-06-04 16:43:45,963: INFO: common: yaml file: config/config.yaml loaded successfully]
[2025-06-04 16:43:45,966: INFO: common: yaml file: params.yaml loaded successfully]
[2025-06-04 16:52:00,139: INFO: common: yaml file: config/config.yaml loaded successfully]
[2025-06-04 16:52:00,143: INFO: common: yaml file: params.yaml loaded successfully]
[2025-06-04 16:53:25,758: INFO: common: yaml file: config/config.yaml loaded successfully]
[2025-06-04 16:53:25,762: INFO: common: yaml file: params.yaml loaded successfully]
[2025-06-04 16:53:25,765: INFO: common: created directory at: artifacts]
[2025-06-04 16:53:25,767: INFO: common: created directory at: artifacts/data_ingestion]
[2025-06-04 17:14:47,849: ERROR: stage_01_data_ingestion: name 'DataIngestion' is not defined]
Traceback (most recent call last):
  File "/home/sdp/python/chicken_disease_classification/src/cnnClassifier/pipeline/stage_01_data_ingestion.py", line 17, in <module>
    obj.main()
  File "/home/sdp/python/chicken_disease_classification/src/cnnClassifier/pipeline/stage_01_data_ingestion.py", line 10, in main
    data_ingestion = DataIngestion(config=ConfigurationManager().get_data_ingestion_config())
                     ^^^^^^^^^^^^^
NameError: name 'DataIngestion' is not defined
[2025-06-04 17:20:01,275: INFO: common: created directory at: artifacts]
[2025-06-04 17:20:01,275: INFO: common: created directory at: artifacts/data_ingestion]
[2025-06-04 17:20:20,451: INFO: common: created directory at: artifacts]
[2025-06-04 17:20:20,452: INFO: common: created directory at: artifacts/data_ingestion]
[2025-06-04 17:20:35,526: INFO: common: created directory at: artifacts]
[2025-06-04 17:20:35,526: INFO: common: created directory at: artifacts/data_ingestion]
[2025-06-04 17:24:13,922: INFO: common: created directory at: artifacts]
[2025-06-04 17:24:13,922: INFO: common: created directory at: artifacts/data_ingestion]
